<?xml version="1.0" encoding="UTF-8" ?>
<beans xmlns="http://www.springframework.org/schema/beans"
       xmlns:xsi="http://www.w3.org/2001/XMLSchema-instance"
       xsi:schemaLocation="http://www.springframework.org/schema/beans
        http://www.springframework.org/schema/beans/spring-beans-3.0.xsd">

    <bean id="dataSource" class="org.springframework.jdbc.datasource.SimpleDriverDataSource">
        <property name="driverClass" value="com.mysql.cj.jdbc.Driver"/>
        <property name="url" value="jdbc:mysql://localhost/spring"/>
        <property name="username" value="spring"/>
        <property name="password" value="spring"/>
    </bean>
    
    <bean id="userDao" class="springbook.user.dao.UserDao_v5">
        <property name="dataSource" ref="dataSource"/>
        <property name="jdbcContext" ref="jdbcContext"/>
    </bean>
    <bean id="jdbcContext" class="springbook.user.dao.JdbcContext">
        <property name="dataSource" ref="dataSource"/>
    </bean>
</beans>