<component name="libraryTable">
  <library name="JUnit">
    <CLASSES>
      <root url="jar://$PROJECT_DIR$/../libs/hamcrest-core-1.3.jar!/" />
      <root url="jar://$PROJECT_DIR$/../libs/junit-4.13.1.jar!/" />
    </CLASSES>
    <JAVADOC />
    <SOURCES />
  </library>
</component>